<?xml version="1.0" encoding="UTF-8"?>
<testng-results ignored="0" total="1" passed="1" failed="0" skipped="0">
  <reporter-output>
  </reporter-output>
  <suite started-at="2024-08-23T03:29:00 PDT" name="Default suite" finished-at="2024-08-23T03:29:11 PDT" duration-ms="11263">
    <groups>
    </groups>
    <test started-at="2024-08-23T03:29:00 PDT" name="Default test" finished-at="2024-08-23T03:29:11 PDT" duration-ms="11263">
      <class name="com.mouse.Mouse1">
        <test-method signature="M1()[pri:0, instance:com.mouse.Mouse1@43195e57]" started-at="2024-08-23T03:29:00 PDT" name="M1" finished-at="2024-08-23T03:29:11 PDT" duration-ms="11227" status="PASS">
          <reporter-output>
          </reporter-output>
        </test-method> <!-- M1 -->
      </class> <!-- com.mouse.Mouse1 -->
    </test> <!-- Default test -->
  </suite> <!-- Default suite -->
</testng-results>
